<?xml version="1.0" encoding="UTF-8"?>
<!-- Generated by org.testng.reporters.JUnitXMLReporter -->
<testsuite ignored="1" hostname="DESKTOP-3EQHDCQ" failures="0" tests="1" name="Default test" time="0.074" errors="0" timestamp="2024-11-06T16:54:44 IST">
  <testcase classname="Com.Ecommerce.InstaSnap.ProductTest.VerifyKidsProduct" name="createProduct" time="0.014"/>
  <testcase classname="Com.Ecommerce.InstaSnap.ProductTest.VerifyKidsProduct" name="updateProduct" time="0.0">
    <ignored/>
  </testcase> <!-- updateProduct -->
</testsuite> <!-- Default test -->
