<?xml version="1.0" encoding="UTF-8"?>
<testng-results ignored="0" total="6" passed="6" failed="0" skipped="0">
  <reporter-output>
    <line>
      <![CDATA[Browser launched succesfully]]>
    </line>
    <line>
      <![CDATA[Login succesfully]]>
    </line>
    <line>
      <![CDATA[kids Product Created]]>
    </line>
    <line>
      <![CDATA[LOgout succesfully]]>
    </line>
    <line>
      <![CDATA[Login succesfully]]>
    </line>
    <line>
      <![CDATA[kids Product Updated]]>
    </line>
    <line>
      <![CDATA[LOgout succesfully]]>
    </line>
    <line>
      <![CDATA[Login succesfully]]>
    </line>
    <line>
      <![CDATA[kids Product Updated]]>
    </line>
    <line>
      <![CDATA[LOgout succesfully]]>
    </line>
    <line>
      <![CDATA[Browser closed succesfully]]>
    </line>
    <line>
      <![CDATA[Browser launched succesfully]]>
    </line>
    <line>
      <![CDATA[Login succesfully]]>
    </line>
    <line>
      <![CDATA[Electronic Product Created]]>
    </line>
    <line>
      <![CDATA[LOgout succesfully]]>
    </line>
    <line>
      <![CDATA[Login succesfully]]>
    </line>
    <line>
      <![CDATA[Electronic Product Updated]]>
    </line>
    <line>
      <![CDATA[LOgout succesfully]]>
    </line>
    <line>
      <![CDATA[Login succesfully]]>
    </line>
    <line>
      <![CDATA[Electronic Product Updated]]>
    </line>
    <line>
      <![CDATA[LOgout succesfully]]>
    </line>
    <line>
      <![CDATA[Browser closed succesfully]]>
    </line>
  </reporter-output>
  <suite started-at="2024-11-07T16:27:20 IST" name="Regression" finished-at="2024-11-07T16:27:20 IST" duration-ms="108">
    <groups>
    </groups>
    <test started-at="2024-11-07T16:27:20 IST" name="ChromeTest" finished-at="2024-11-07T16:27:20 IST" duration-ms="108">
      <class name="Com.Ecommerce.InstaSnap.ProductTest.VerifyElectronicProduct">
        <test-method is-config="true" signature="browserSetup()[pri:0, instance:Com.Ecommerce.InstaSnap.ProductTest.VerifyElectronicProduct@1573f9fc]" started-at="2024-11-07T16:27:20 IST" name="browserSetup" finished-at="2024-11-07T16:27:20 IST" duration-ms="0" status="PASS">
          <reporter-output>
            <line>
              <![CDATA[Browser launched succesfully]]>
            </line>
          </reporter-output>
        </test-method> <!-- browserSetup -->
        <test-method is-config="true" signature="login()[pri:0, instance:Com.Ecommerce.InstaSnap.ProductTest.VerifyElectronicProduct@1573f9fc]" started-at="2024-11-07T16:27:20 IST" name="login" finished-at="2024-11-07T16:27:20 IST" duration-ms="1" status="PASS">
          <reporter-output>
            <line>
              <![CDATA[Login succesfully]]>
            </line>
          </reporter-output>
        </test-method> <!-- login -->
        <test-method signature="createProduct()[pri:1, instance:Com.Ecommerce.InstaSnap.ProductTest.VerifyElectronicProduct@1573f9fc]" started-at="2024-11-07T16:27:20 IST" name="createProduct" finished-at="2024-11-07T16:27:20 IST" duration-ms="2" status="PASS">
          <reporter-output>
            <line>
              <![CDATA[Electronic Product Created]]>
            </line>
          </reporter-output>
        </test-method> <!-- createProduct -->
        <test-method is-config="true" signature="logout()[pri:0, instance:Com.Ecommerce.InstaSnap.ProductTest.VerifyElectronicProduct@1573f9fc]" started-at="2024-11-07T16:27:20 IST" name="logout" finished-at="2024-11-07T16:27:20 IST" duration-ms="1" status="PASS">
          <reporter-output>
            <line>
              <![CDATA[LOgout succesfully]]>
            </line>
          </reporter-output>
        </test-method> <!-- logout -->
        <test-method is-config="true" signature="login()[pri:0, instance:Com.Ecommerce.InstaSnap.ProductTest.VerifyElectronicProduct@1573f9fc]" started-at="2024-11-07T16:27:20 IST" name="login" finished-at="2024-11-07T16:27:20 IST" duration-ms="1" status="PASS">
          <reporter-output>
            <line>
              <![CDATA[Login succesfully]]>
            </line>
          </reporter-output>
        </test-method> <!-- login -->
        <test-method signature="updateProduct()[pri:2, instance:Com.Ecommerce.InstaSnap.ProductTest.VerifyElectronicProduct@1573f9fc]" started-at="2024-11-07T16:27:20 IST" name="updateProduct" finished-at="2024-11-07T16:27:20 IST" depends-on-methods="Com.Ecommerce.InstaSnap.ProductTest.VerifyElectronicProduct.createProduct" duration-ms="1" status="PASS">
          <reporter-output>
            <line>
              <![CDATA[Electronic Product Updated]]>
            </line>
          </reporter-output>
        </test-method> <!-- updateProduct -->
        <test-method is-config="true" signature="logout()[pri:0, instance:Com.Ecommerce.InstaSnap.ProductTest.VerifyElectronicProduct@1573f9fc]" started-at="2024-11-07T16:27:20 IST" name="logout" finished-at="2024-11-07T16:27:20 IST" duration-ms="0" status="PASS">
          <reporter-output>
            <line>
              <![CDATA[LOgout succesfully]]>
            </line>
          </reporter-output>
        </test-method> <!-- logout -->
        <test-method signature="updateProduct()[pri:2, instance:Com.Ecommerce.InstaSnap.ProductTest.VerifyElectronicProduct@1573f9fc]" started-at="2024-11-07T16:27:20 IST" name="updateProduct" finished-at="2024-11-07T16:27:20 IST" depends-on-methods="Com.Ecommerce.InstaSnap.ProductTest.VerifyElectronicProduct.createProduct" duration-ms="1" status="PASS">
          <reporter-output>
            <line>
              <![CDATA[Electronic Product Updated]]>
            </line>
          </reporter-output>
        </test-method> <!-- updateProduct -->
        <test-method is-config="true" signature="login()[pri:0, instance:Com.Ecommerce.InstaSnap.ProductTest.VerifyElectronicProduct@1573f9fc]" started-at="2024-11-07T16:27:20 IST" name="login" finished-at="2024-11-07T16:27:20 IST" duration-ms="0" status="PASS">
          <reporter-output>
            <line>
              <![CDATA[Login succesfully]]>
            </line>
          </reporter-output>
        </test-method> <!-- login -->
        <test-method is-config="true" signature="logout()[pri:0, instance:Com.Ecommerce.InstaSnap.ProductTest.VerifyElectronicProduct@1573f9fc]" started-at="2024-11-07T16:27:20 IST" name="logout" finished-at="2024-11-07T16:27:20 IST" duration-ms="0" status="PASS">
          <reporter-output>
            <line>
              <![CDATA[LOgout succesfully]]>
            </line>
          </reporter-output>
        </test-method> <!-- logout -->
        <test-method is-config="true" signature="terminateBrowser()[pri:0, instance:Com.Ecommerce.InstaSnap.ProductTest.VerifyElectronicProduct@1573f9fc]" started-at="2024-11-07T16:27:20 IST" name="terminateBrowser" finished-at="2024-11-07T16:27:20 IST" duration-ms="0" status="PASS">
          <reporter-output>
            <line>
              <![CDATA[Browser closed succesfully]]>
            </line>
          </reporter-output>
        </test-method> <!-- terminateBrowser -->
      </class> <!-- Com.Ecommerce.InstaSnap.ProductTest.VerifyElectronicProduct -->
      <class name="Com.Ecommerce.InstaSnap.ProductTest.VerifyKidsProduct">
        <test-method is-config="true" signature="browserSetup()[pri:0, instance:Com.Ecommerce.InstaSnap.ProductTest.VerifyKidsProduct@1165b38]" started-at="2024-11-07T16:27:20 IST" name="browserSetup" finished-at="2024-11-07T16:27:20 IST" duration-ms="14" status="PASS">
          <reporter-output>
            <line>
              <![CDATA[Browser launched succesfully]]>
            </line>
          </reporter-output>
        </test-method> <!-- browserSetup -->
        <test-method is-config="true" signature="login()[pri:0, instance:Com.Ecommerce.InstaSnap.ProductTest.VerifyKidsProduct@1165b38]" started-at="2024-11-07T16:27:20 IST" name="login" finished-at="2024-11-07T16:27:20 IST" duration-ms="1" status="PASS">
          <reporter-output>
            <line>
              <![CDATA[Login succesfully]]>
            </line>
          </reporter-output>
        </test-method> <!-- login -->
        <test-method signature="createProduct()[pri:1, instance:Com.Ecommerce.InstaSnap.ProductTest.VerifyKidsProduct@1165b38]" started-at="2024-11-07T16:27:20 IST" name="createProduct" finished-at="2024-11-07T16:27:20 IST" duration-ms="10" status="PASS">
          <reporter-output>
            <line>
              <![CDATA[kids Product Created]]>
            </line>
          </reporter-output>
        </test-method> <!-- createProduct -->
        <test-method is-config="true" signature="logout()[pri:0, instance:Com.Ecommerce.InstaSnap.ProductTest.VerifyKidsProduct@1165b38]" started-at="2024-11-07T16:27:20 IST" name="logout" finished-at="2024-11-07T16:27:20 IST" duration-ms="1" status="PASS">
          <reporter-output>
            <line>
              <![CDATA[LOgout succesfully]]>
            </line>
          </reporter-output>
        </test-method> <!-- logout -->
        <test-method is-config="true" signature="login()[pri:0, instance:Com.Ecommerce.InstaSnap.ProductTest.VerifyKidsProduct@1165b38]" started-at="2024-11-07T16:27:20 IST" name="login" finished-at="2024-11-07T16:27:20 IST" duration-ms="1" status="PASS">
          <reporter-output>
            <line>
              <![CDATA[Login succesfully]]>
            </line>
          </reporter-output>
        </test-method> <!-- login -->
        <test-method signature="updateProduct()[pri:2, instance:Com.Ecommerce.InstaSnap.ProductTest.VerifyKidsProduct@1165b38]" started-at="2024-11-07T16:27:20 IST" name="updateProduct" finished-at="2024-11-07T16:27:20 IST" depends-on-methods="Com.Ecommerce.InstaSnap.ProductTest.VerifyKidsProduct.createProduct" duration-ms="3" status="PASS">
          <reporter-output>
            <line>
              <![CDATA[kids Product Updated]]>
            </line>
          </reporter-output>
        </test-method> <!-- updateProduct -->
        <test-method is-config="true" signature="logout()[pri:0, instance:Com.Ecommerce.InstaSnap.ProductTest.VerifyKidsProduct@1165b38]" started-at="2024-11-07T16:27:20 IST" name="logout" finished-at="2024-11-07T16:27:20 IST" duration-ms="1" status="PASS">
          <reporter-output>
            <line>
              <![CDATA[LOgout succesfully]]>
            </line>
          </reporter-output>
        </test-method> <!-- logout -->
        <test-method is-config="true" signature="login()[pri:0, instance:Com.Ecommerce.InstaSnap.ProductTest.VerifyKidsProduct@1165b38]" started-at="2024-11-07T16:27:20 IST" name="login" finished-at="2024-11-07T16:27:20 IST" duration-ms="1" status="PASS">
          <reporter-output>
            <line>
              <![CDATA[Login succesfully]]>
            </line>
          </reporter-output>
        </test-method> <!-- login -->
        <test-method signature="updateProduct()[pri:2, instance:Com.Ecommerce.InstaSnap.ProductTest.VerifyKidsProduct@1165b38]" started-at="2024-11-07T16:27:20 IST" name="updateProduct" finished-at="2024-11-07T16:27:20 IST" depends-on-methods="Com.Ecommerce.InstaSnap.ProductTest.VerifyKidsProduct.createProduct" duration-ms="2" status="PASS">
          <reporter-output>
            <line>
              <![CDATA[kids Product Updated]]>
            </line>
          </reporter-output>
        </test-method> <!-- updateProduct -->
        <test-method is-config="true" signature="logout()[pri:0, instance:Com.Ecommerce.InstaSnap.ProductTest.VerifyKidsProduct@1165b38]" started-at="2024-11-07T16:27:20 IST" name="logout" finished-at="2024-11-07T16:27:20 IST" duration-ms="1" status="PASS">
          <reporter-output>
            <line>
              <![CDATA[LOgout succesfully]]>
            </line>
          </reporter-output>
        </test-method> <!-- logout -->
        <test-method is-config="true" signature="terminateBrowser()[pri:0, instance:Com.Ecommerce.InstaSnap.ProductTest.VerifyKidsProduct@1165b38]" started-at="2024-11-07T16:27:20 IST" name="terminateBrowser" finished-at="2024-11-07T16:27:20 IST" duration-ms="1" status="PASS">
          <reporter-output>
            <line>
              <![CDATA[Browser closed succesfully]]>
            </line>
          </reporter-output>
        </test-method> <!-- terminateBrowser -->
      </class> <!-- Com.Ecommerce.InstaSnap.ProductTest.VerifyKidsProduct -->
    </test> <!-- ChromeTest -->
  </suite> <!-- Regression -->
</testng-results>
