<?xml version="1.0" encoding="UTF-8"?>
<!-- Generated by org.testng.reporters.JUnitXMLReporter -->
<testsuite ignored="0" hostname="DESKTOP-3EQHDCQ" failures="0" tests="6" name="ChromeTest" time="0.108" errors="0" timestamp="2024-11-07T16:27:20 IST">
  <testcase classname="Com.Ecommerce.InstaSnap.ProductTest.VerifyKidsProduct" name="createProduct" time="0.01"/>
  <testcase classname="Com.Ecommerce.InstaSnap.ProductTest.VerifyKidsProduct" name="updateProduct" time="0.003"/>
  <testcase classname="Com.Ecommerce.InstaSnap.ProductTest.VerifyKidsProduct" name="updateProduct" time="0.002"/>
  <testcase classname="Com.Ecommerce.InstaSnap.ProductTest.VerifyElectronicProduct" name="createProduct" time="0.002"/>
  <testcase classname="Com.Ecommerce.InstaSnap.ProductTest.VerifyElectronicProduct" name="updateProduct" time="0.001"/>
  <testcase classname="Com.Ecommerce.InstaSnap.ProductTest.VerifyElectronicProduct" name="updateProduct" time="0.001"/>
</testsuite> <!-- ChromeTest -->
